<?xml version='1.0' encoding='UTF-8'?>
<testsuite hostname="Michaels-MacBook-Pro.local" name="kvstore.KVStoreSuite" tests="16" errors="0" failures="0" skipped="0" time="26.397">
                     <properties>
[...]
</properties>
                     <testcase classname="kvstore.KVStoreSuite" name="Step1-case1: Primary (in isolation) should properly register itself to the provided Arbiter" time="0.05">
                                                 
                                               </testcase><testcase classname="kvstore.KVStoreSuite" name="Step1-case2: Primary (in isolation) should react properly to Insert, Remove, Get" time="0.038">
                                                 
                                               </testcase><testcase classname="kvstore.KVStoreSuite" name="Step2-case1: Secondary (in isolation) should properly register itself to the provided Arbiter" time="0.012">
                                                 
                                               </testcase><testcase classname="kvstore.KVStoreSuite" name="Step2-case2: Secondary (in isolation) must handle Snapshots" time="0.032">
                                                 
                                               </testcase><testcase classname="kvstore.KVStoreSuite" name="Step2-case3: Secondary should drop and immediately ack snapshots with older sequence numbers" time="0.034">
                                                 
                                               </testcase><testcase classname="kvstore.KVStoreSuite" name="Step2-case4: Secondary should drop snapshots with future sequence numbers" time="0.341">
                                                 
                                               </testcase><testcase classname="kvstore.KVStoreSuite" name="Step3-case1: Replicator should send snapshots when asked to replicate" time="12.043">
                                                 
                                               </testcase><testcase classname="kvstore.KVStoreSuite" name="Step3-case2: Replicator should retry until acknowledged by secondary" time="0.233">
                                                 
                                               </testcase><testcase classname="kvstore.KVStoreSuite" name="Step4-case1: Secondary should not acknowledge snapshots until persisted" time="0.554">
                                                 
                                               </testcase><testcase classname="kvstore.KVStoreSuite" name="Step4-case2: Secondary should retry persistence in every 100 milliseconds" time="0.765">
                                                 
                                               </testcase><testcase classname="kvstore.KVStoreSuite" name="Step5-case1: Primary does not acknowledge updates which have not been persisted" time="0.137">
                                                 
                                               </testcase><testcase classname="kvstore.KVStoreSuite" name="Step5-case2: Primary retries persistence every 100 milliseconds" time="0.339">
                                                 
                                               </testcase><testcase classname="kvstore.KVStoreSuite" name="Step5-case3: Primary generates failure after 1 second if persistence fails" time="1.048">
                                                 
                                               </testcase><testcase classname="kvstore.KVStoreSuite" name="Step5-case4: Primary generates failure after 1 second if global acknowledgement fails" time="1.063">
                                                 
                                               </testcase><testcase classname="kvstore.KVStoreSuite" name="Step5-case5: Primary acknowledges only after persistence and global acknowledgement" time="0.66">
                                                 
                                               </testcase><testcase classname="kvstore.KVStoreSuite" name="Step6-case1: Primary must start replication to new replicas" time="9.048">
                                                 
                                               </testcase>
                     <system-out><![CDATA[]]></system-out>
                     <system-err><![CDATA[]]></system-err>
                   </testsuite>